app/build/outputs/logs/manifest-merger-debug-report.txt
-- Merging decision tree log ---
manifest
ADDED from src/main/AndroidManifest.xml:2:1-119:12
INJECTED from src/main/AndroidManifest.xml:2:1-119:12
INJECTED from src/main/AndroidManifest.xml:2:1-119:12
INJECTED from src/main/AndroidManifest.xml:2:1-119:12
INJECTED from src/main/AndroidManifest.xml:2:1-119:12
INJECTED from src/main/AndroidManifest.xml:2:1-119:12
INJECTED from src/main/AndroidManifest.xml:2:1-119:12
	package
		ADDED from src/main/AndroidManifest.xml:3:5-34
		INJECTED from src/main/AndroidManifest.xml
		INJECTED from src/main/AndroidManifest.xml
	android:versionName
		ADDED from src/main/AndroidManifest.xml:5:5-32
		INJECTED from src/main/AndroidManifest.xml
		INJECTED from src/main/AndroidManifest.xml
	xmlns:android
		ADDED from src/main/AndroidManifest.xml:2:11-69
	android:versionCode
		ADDED from src/main/AndroidManifest.xml:4:5-28
		INJECTED from src/main/AndroidManifest.xml
		INJECTED from src/main/AndroidManifest.xml
uses-permission#android.permission.WAKE_LOCK
ADDED from src/main/AndroidManifest.xml:7:5-68
	android:name
		ADDED from src/main/AndroidManifest.xml:7:22-65
uses-permission#android.permission.WRITE_EXTERNAL_STORAGE
ADDED from src/main/AndroidManifest.xml:8:5-81
	android:name
		ADDED from src/main/AndroidManifest.xml:8:22-78
uses-permission#android.permission.READ_PHONE_STATE
ADDED from src/main/AndroidManifest.xml:9:5-75
	android:name
		ADDED from src/main/AndroidManifest.xml:9:22-72
uses-permission#android.permission.INTERNET
ADDED from src/main/AndroidManifest.xml:10:5-67
	android:name
		ADDED from src/main/AndroidManifest.xml:10:22-64
uses-permission#android.permission.WRITE_SETTINGS
ADDED from src/main/AndroidManifest.xml:11:5-73
	android:name
		ADDED from src/main/AndroidManifest.xml:11:22-70
uses-permission#android.permission.VIBRATE
ADDED from src/main/AndroidManifest.xml:12:5-66
	android:name
		ADDED from src/main/AndroidManifest.xml:12:22-63
supports-screens
ADDED from src/main/AndroidManifest.xml:14:5-18:40
	android:largeScreens
		ADDED from src/main/AndroidManifest.xml:18:9-37
	android:smallScreens
		ADDED from src/main/AndroidManifest.xml:16:9-36
	android:normalScreens
		ADDED from src/main/AndroidManifest.xml:17:9-37
	android:anyDensity
		ADDED from src/main/AndroidManifest.xml:15:9-34
application
ADDED from src/main/AndroidManifest.xml:20:5-118:19
	android:label
		ADDED from src/main/AndroidManifest.xml:22:9-32
	android:icon
		ADDED from src/main/AndroidManifest.xml:21:9-43
	android:theme
		ADDED from src/main/AndroidManifest.xml:23:9-44
activity#com.walkman.x10mini.WalkmanActivity
ADDED from src/main/AndroidManifest.xml:25:9-52:20
	android:label
		ADDED from src/main/AndroidManifest.xml:27:13-36
	android:launchMode
		ADDED from src/main/AndroidManifest.xml:28:13-44
	android:configChanges
		ADDED from src/main/AndroidManifest.xml:29:13-60
	android:name
		ADDED from src/main/AndroidManifest.xml:26:13-44
intent-filter#action:name:android.intent.action.MAIN+category:name:android.intent.category.LAUNCHER
ADDED from src/main/AndroidManifest.xml:30:13-33:29
action#android.intent.action.MAIN
ADDED from src/main/AndroidManifest.xml:31:17-69
	android:name
		ADDED from src/main/AndroidManifest.xml:31:25-66
category#android.intent.category.LAUNCHER
ADDED from src/main/AndroidManifest.xml:32:17-77
	android:name
		ADDED from src/main/AndroidManifest.xml:32:27-74
intent-filter#action:name:android.intent.action.MUSIC_PLAYER+category:name:android.intent.category.DEFAULT
ADDED from src/main/AndroidManifest.xml:34:13-37:29
action#android.intent.action.MUSIC_PLAYER
ADDED from src/main/AndroidManifest.xml:35:17-77
	android:name
		ADDED from src/main/AndroidManifest.xml:35:25-74
category#android.intent.category.DEFAULT
ADDED from src/main/AndroidManifest.xml:36:17-76
	android:name
		ADDED from src/main/AndroidManifest.xml:36:27-73
intent-filter#action:name:android.intent.action.VIEW+category:name:android.intent.category.DEFAULT+data:mimeType:application/ogg+data:mimeType:audio/*+data:scheme:file
ADDED from src/main/AndroidManifest.xml:38:13-44:29
action#android.intent.action.VIEW
ADDED from src/main/AndroidManifest.xml:39:17-69
	android:name
		ADDED from src/main/AndroidManifest.xml:39:25-66
data
ADDED from src/main/AndroidManifest.xml:41:17-47
	android:host
		ADDED from src/main/AndroidManifest.xml:49:23-43
	android:scheme
		ADDED from src/main/AndroidManifest.xml:41:23-44
	android:mimeType
		ADDED from src/main/AndroidManifest.xml:42:23-49
intent-filter#action:name:android.intent.action.VIEW+category:name:android.intent.category.DEFAULT+data:host:media+data:mimeType:audio/*+data:scheme:content
ADDED from src/main/AndroidManifest.xml:45:13-51:29
activity#com.walkman.x10mini.NowPlayingActivity
ADDED from src/main/AndroidManifest.xml:54:9-58:63
	android:label
		ADDED from src/main/AndroidManifest.xml:56:13-40
	android:launchMode
		ADDED from src/main/AndroidManifest.xml:57:13-43
	android:configChanges
		ADDED from src/main/AndroidManifest.xml:58:13-60
	android:name
		ADDED from src/main/AndroidManifest.xml:55:13-47
activity#com.walkman.x10mini.EditInfoActivity
ADDED from src/main/AndroidManifest.xml:60:9-64:63
	android:label
		ADDED from src/main/AndroidManifest.xml:62:13-44
	android:configChanges
		ADDED from src/main/AndroidManifest.xml:64:13-60
	android:theme
		ADDED from src/main/AndroidManifest.xml:63:13-48
	android:name
		ADDED from src/main/AndroidManifest.xml:61:13-45
activity#com.walkman.x10mini.JellyfinActivity
ADDED from src/main/AndroidManifest.xml:66:9-69:63
	android:label
		ADDED from src/main/AndroidManifest.xml:68:13-37
	android:configChanges
		ADDED from src/main/AndroidManifest.xml:69:13-60
	android:name
		ADDED from src/main/AndroidManifest.xml:67:13-45
activity#com.walkman.x10mini.JellyfinSettingsActivity
ADDED from src/main/AndroidManifest.xml:71:9-74:63
	android:label
		ADDED from src/main/AndroidManifest.xml:73:13-44
	android:configChanges
		ADDED from src/main/AndroidManifest.xml:74:13-60
	android:name
		ADDED from src/main/AndroidManifest.xml:72:13-53
activity#com.walkman.x10mini.JellyfinAudioActivity
ADDED from src/main/AndroidManifest.xml:76:9-79:63
	android:label
		ADDED from src/main/AndroidManifest.xml:78:13-43
	android:configChanges
		ADDED from src/main/AndroidManifest.xml:79:13-60
	android:name
		ADDED from src/main/AndroidManifest.xml:77:13-50
service#com.walkman.x10mini.MusicService
ADDED from src/main/AndroidManifest.xml:81:9-84:40
	android:enabled
		ADDED from src/main/AndroidManifest.xml:83:13-35
	android:exported
		ADDED from src/main/AndroidManifest.xml:84:13-37
	android:name
		ADDED from src/main/AndroidManifest.xml:82:13-41
service#com.walkman.x10mini.MetadataService
ADDED from src/main/AndroidManifest.xml:86:9-89:40
	android:enabled
		ADDED from src/main/AndroidManifest.xml:88:13-35
	android:exported
		ADDED from src/main/AndroidManifest.xml:89:13-37
	android:name
		ADDED from src/main/AndroidManifest.xml:87:13-44
receiver#com.walkman.x10mini.MediaButtonReceiver
ADDED from src/main/AndroidManifest.xml:91:9-95:20
	android:name
		ADDED from src/main/AndroidManifest.xml:91:19-54
intent-filter#action:name:android.intent.action.MEDIA_BUTTON
ADDED from src/main/AndroidManifest.xml:92:13-94:29
action#android.intent.action.MEDIA_BUTTON
ADDED from src/main/AndroidManifest.xml:93:17-77
	android:name
		ADDED from src/main/AndroidManifest.xml:93:25-74
receiver#com.walkman.x10mini.NowPlayingWidget
ADDED from src/main/AndroidManifest.xml:97:9-116:20
	android:name
		ADDED from src/main/AndroidManifest.xml:97:19-51
intent-filter#action:name:android.appwidget.action.APPWIDGET_UPDATE
ADDED from src/main/AndroidManifest.xml:98:13-100:29
action#android.appwidget.action.APPWIDGET_UPDATE
ADDED from src/main/AndroidManifest.xml:99:17-84
	android:name
		ADDED from src/main/AndroidManifest.xml:99:25-81
intent-filter#action:name:com.walkman.x10mini.WIDGET_UPDATE
ADDED from src/main/AndroidManifest.xml:101:13-103:29
action#com.walkman.x10mini.WIDGET_UPDATE
ADDED from src/main/AndroidManifest.xml:102:17-76
	android:name
		ADDED from src/main/AndroidManifest.xml:102:25-73
intent-filter#action:name:com.walkman.x10mini.WIDGET_PLAY_PAUSE
ADDED from src/main/AndroidManifest.xml:104:13-106:29
action#com.walkman.x10mini.WIDGET_PLAY_PAUSE
ADDED from src/main/AndroidManifest.xml:105:17-80
	android:name
		ADDED from src/main/AndroidManifest.xml:105:25-77
intent-filter#action:name:com.walkman.x10mini.WIDGET_NEXT
ADDED from src/main/AndroidManifest.xml:107:13-109:29
action#com.walkman.x10mini.WIDGET_NEXT
ADDED from src/main/AndroidManifest.xml:108:17-74
	android:name
		ADDED from src/main/AndroidManifest.xml:108:25-71
intent-filter#action:name:com.walkman.x10mini.WIDGET_PREV
ADDED from src/main/AndroidManifest.xml:110:13-112:29
action#com.walkman.x10mini.WIDGET_PREV
ADDED from src/main/AndroidManifest.xml:111:17-74
	android:name
		ADDED from src/main/AndroidManifest.xml:111:25-71
meta-data#android.appwidget.provider
ADDED from src/main/AndroidManifest.xml:113:13-115:55
	android:resource
		ADDED from src/main/AndroidManifest.xml:115:17-52
	android:name
		ADDED from src/main/AndroidManifest.xml:114:17-58
uses-sdk
INJECTED from src/main/AndroidManifest.xml reason: use-sdk injection requested
INJECTED from src/main/AndroidManifest.xml
INJECTED from src/main/AndroidManifest.xml
INJECTED from src/main/AndroidManifest.xml
INJECTED from src/main/AndroidManifest.xml
	android:targetSdkVersion
		INJECTED from src/main/AndroidManifest.xml
		ADDED from src/main/AndroidManifest.xml
		INJECTED from src/main/AndroidManifest.xml
	android:minSdkVersion
		INJECTED from src/main/AndroidManifest.xml
		ADDED from src/main/AndroidManifest.xml
		INJECTED from src/main/AndroidManifest.xml